<?xml version="1.0" encoding="UTF-8"?>
<!-- Generated by org.testng.reporters.JUnitReportReporter -->
<testsuite hostname="k-nb036" failures="0" tests="1" name="demo.ParameterTest" time="7.083" errors="0" timestamp="2021-03-09T21:46:05 EST" skipped="0">
  <testcase classname="demo.ParameterTest" name="login" time="7.083"/>
</testsuite> <!-- demo.ParameterTest -->
