<?xml version="1.0" encoding="UTF-8"?>
<!-- Generated by org.testng.reporters.JUnitReportReporter -->
<testsuite hostname="k-nb036" failures="0" tests="1" name="demo.OrderTesting" time="0.013" errors="0" timestamp="2021-03-09T10:25:01 EST" skipped="0">
  <testcase classname="demo.OrderTesting" name="method5" time="0.013"/>
</testsuite> <!-- demo.OrderTesting -->
